== uruchomienie aplikacji Jan 16 2022 21:58:49
OTClient 0.6.5 rev 0 (devel) built on Jun 24 2014 for arch x86
ERROR: Unable to load module 'game_skills': LUA ERROR: /game_skills/skills.lua:368: unexpected symbol near '='
stack traceback:
	[C]: ?
	[C]: in function 'ensureModuleLoaded'
	/init.lua:43: in main chunk
Zaladowano! :D
ERROR: Unable to send extended opcode 1, extended opcodes are not enabled
Exiting application..
== uruchomienie aplikacji Jan 16 2022 22:05:08
OTClient 0.6.5 rev 0 (devel) built on Jun 24 2014 for arch x86
ERROR: Unable to load module 'game_skills': LUA ERROR: /game_skills/skills.lua:368: unexpected symbol near '='
stack traceback:
	[C]: ?
	[C]: in function 'ensureModuleLoaded'
	/init.lua:43: in main chunk
Zaladowano! :D
ERROR: Unable to send extended opcode 1, extended opcodes are not enabled
ERROR: protected lua call failed: LUA ERROR:
/game_inventory/inventory.otui:399: [@onClick]:2: attempt to index field 'game_skills' (a nil value)
stack traceback:
	[C]: ?
	/game_inventory/inventory.otui:399: [@onClick]:2: in function </game_inventory/inventory.otui:399: [@onClick]:1>
ERROR: protected lua call failed: LUA ERROR:
/game_inventory/inventory.otui:399: [@onClick]:2: attempt to index field 'game_skills' (a nil value)
stack traceback:
	[C]: ?
	/game_inventory/inventory.otui:399: [@onClick]:2: in function </game_inventory/inventory.otui:399: [@onClick]:1>
ERROR: protected lua call failed: LUA ERROR:
/game_inventory/inventory.otui:399: [@onClick]:2: attempt to index field 'game_skills' (a nil value)
stack traceback:
	[C]: ?
	/game_inventory/inventory.otui:399: [@onClick]:2: in function </game_inventory/inventory.otui:399: [@onClick]:1>
ERROR: protected lua call failed: LUA ERROR:
/game_inventory/inventory.otui:399: [@onClick]:2: attempt to index field 'game_skills' (a nil value)
stack traceback:
	[C]: ?
	/game_inventory/inventory.otui:399: [@onClick]:2: in function </game_inventory/inventory.otui:399: [@onClick]:1>
ERROR: protected lua call failed: LUA ERROR:
/game_inventory/inventory.otui:399: [@onClick]:2: attempt to index field 'game_skills' (a nil value)
stack traceback:
	[C]: ?
	/game_inventory/inventory.otui:399: [@onClick]:2: in function </game_inventory/inventory.otui:399: [@onClick]:1>
ERROR: protected lua call failed: LUA ERROR:
/game_inventory/inventory.otui:399: [@onClick]:2: attempt to index field 'game_skills' (a nil value)
stack traceback:
	[C]: ?
	/game_inventory/inventory.otui:399: [@onClick]:2: in function </game_inventory/inventory.otui:399: [@onClick]:1>
ERROR: protected lua call failed: LUA ERROR:
/game_inventory/inventory.otui:399: [@onClick]:2: attempt to index field 'game_skills' (a nil value)
stack traceback:
	[C]: ?
	/game_inventory/inventory.otui:399: [@onClick]:2: in function </game_inventory/inventory.otui:399: [@onClick]:1>
ERROR: protected lua call failed: LUA ERROR:
/game_inventory/inventory.otui:399: [@onClick]:2: attempt to index field 'game_skills' (a nil value)
stack traceback:
	[C]: ?
	/game_inventory/inventory.otui:399: [@onClick]:2: in function </game_inventory/inventory.otui:399: [@onClick]:1>
Exiting application..
== uruchomienie aplikacji Jan 16 2022 22:06:04
OTClient 0.6.5 rev 0 (devel) built on Jun 24 2014 for arch x86
Zaladowano! :D
ERROR: Unable to send extended opcode 1, extended opcodes are not enabled
ERROR: protected lua call failed: LUA ERROR:
/game_skills/skills.lua:367: attempt to index field 'topMenu' (a nil value)
stack traceback:
	[C]: ?
	/game_skills/skills.lua:367: in function 'onLevelChange'
	/game_skills/skills.lua:197: in function </game_skills/skills.lua:189>
ERROR: protected lua call failed: LUA ERROR:
/game_skills/skills.lua:367: attempt to index field 'topMenu' (a nil value)
stack traceback:
	[C]: ?
	/game_skills/skills.lua:367: in function </game_skills/skills.lua:323>
Exiting application..
== uruchomienie aplikacji Jan 16 2022 22:06:50
OTClient 0.6.5 rev 0 (devel) built on Jun 24 2014 for arch x86
Zaladowano! :D
ERROR: Unable to send extended opcode 1, extended opcodes are not enabled
ERROR: Unable to send extended opcode 1, extended opcodes are not enabled
ERROR: Unable to send extended opcode 1, extended opcodes are not enabled
ERROR: unable to remove creature
at:
	[C++]: ProtocolGame::parseCreatureMove
ERROR: no thing at pos:277 156 6, stackpos:1
at:
	[C++]: ProtocolGame::getMappedThing
ERROR: no creature found to move
at:
	[C++]: ProtocolGame::parseCreatureMove
Exiting application..
== uruchomienie aplikacji Jan 16 2022 22:21:07
OTClient 0.6.5 rev 0 (devel) built on Jun 24 2014 for arch x86
Zaladowano! :D
ERROR: Unable to send extended opcode 1, extended opcodes are not enabled
ERROR: unable to remove creature
at:
	[C++]: ProtocolGame::parseCreatureMove
ERROR: no thing at pos:278 156 6, stackpos:1
at:
	[C++]: ProtocolGame::getMappedThing
ERROR: no creature found to move
at:
	[C++]: ProtocolGame::parseCreatureMove
Exiting application..
== uruchomienie aplikacji Jan 16 2022 22:23:36
OTClient 0.6.5 rev 0 (devel) built on Jun 24 2014 for arch x86
Zaladowano! :D
ERROR: Unable to send extended opcode 1, extended opcodes are not enabled
ERROR: Unable to send extended opcode 1, extended opcodes are not enabled
ERROR: Unable to send extended opcode 1, extended opcodes are not enabled
ERROR: Unable to send extended opcode 1, extended opcodes are not enabled
Exiting application..
== uruchomienie aplikacji Jan 16 2022 22:29:18
OTClient 0.6.5 rev 0 (devel) built on Jun 24 2014 for arch x86
Zaladowano! :D
ERROR: Unable to send extended opcode 1, extended opcodes are not enabled
ERROR: Unable to send extended opcode 1, extended opcodes are not enabled
ERROR: Unable to send extended opcode 1, extended opcodes are not enabled
ERROR: Unable to send extended opcode 1, extended opcodes are not enabled
ERROR: Unable to send extended opcode 1, extended opcodes are not enabled
Exiting application..
== uruchomienie aplikacji Jan 16 2022 22:39:19
OTClient 0.6.5 rev 0 (devel) built on Jun 24 2014 for arch x86
Zaladowano! :D
ERROR: Unable to send extended opcode 1, extended opcodes are not enabled
ERROR: protected lua call failed: LUA ERROR:
/game_skills/skills.lua:196: attempt to call method 'getlevel' (a nil value)
stack traceback:
	[C]: in function 'getlevel'
	/game_skills/skills.lua:196: in function </game_skills/skills.lua:189>
Exiting application..
== uruchomienie aplikacji Jan 16 2022 22:40:15
OTClient 0.6.5 rev 0 (devel) built on Jun 24 2014 for arch x86
Zaladowano! :D
ERROR: Unable to send extended opcode 1, extended opcodes are not enabled
Exiting application..
== uruchomienie aplikacji Jan 16 2022 22:42:35
OTClient 0.6.5 rev 0 (devel) built on Jun 24 2014 for arch x86
Zaladowano! :D
ERROR: Unable to send extended opcode 1, extended opcodes are not enabled
Exiting application..
== uruchomienie aplikacji Jan 16 2022 22:43:36
OTClient 0.6.5 rev 0 (devel) built on Jun 24 2014 for arch x86
Zaladowano! :D
ERROR: Unable to send extended opcode 1, extended opcodes are not enabled
ERROR: protected lua call failed: LUA ERROR:
/game_skills/skills.lua:220: attempt to call global 'len' (a nil value)
stack traceback:
	[C]: in function 'len'
	/game_skills/skills.lua:220: in function </game_skills/skills.lua:189>
Exiting application..
== uruchomienie aplikacji Jan 16 2022 22:44:29
OTClient 0.6.5 rev 0 (devel) built on Jun 24 2014 for arch x86
Zaladowano! :D
ERROR: Unable to send extended opcode 1, extended opcodes are not enabled
Exiting application..
== uruchomienie aplikacji Jan 16 2022 22:44:47
OTClient 0.6.5 rev 0 (devel) built on Jun 24 2014 for arch x86
Zaladowano! :D
Exiting application..
== uruchomienie aplikacji Jan 16 2022 22:47:32
OTClient 0.6.5 rev 0 (devel) built on Jun 24 2014 for arch x86
Zaladowano! :D
ERROR: Unable to send extended opcode 1, extended opcodes are not enabled
ERROR: Unable to send extended opcode 1, extended opcodes are not enabled
ERROR: Unable to send extended opcode 1, extended opcodes are not enabled
ERROR: Unable to send extended opcode 1, extended opcodes are not enabled
ERROR: Unable to send extended opcode 1, extended opcodes are not enabled
Exiting application..
== uruchomienie aplikacji Jan 16 2022 22:50:46
OTClient 0.6.5 rev 0 (devel) built on Jun 24 2014 for arch x86
Zaladowano! :D
ERROR: Unable to send extended opcode 1, extended opcodes are not enabled
ERROR: Unable to send extended opcode 1, extended opcodes are not enabled
ERROR: Unable to send extended opcode 1, extended opcodes are not enabled
ERROR: Unable to send extended opcode 1, extended opcodes are not enabled
ERROR: Unable to send extended opcode 1, extended opcodes are not enabled
ERROR: Unable to send extended opcode 1, extended opcodes are not enabled
ERROR: Unable to send extended opcode 1, extended opcodes are not enabled
ERROR: Unable to send extended opcode 1, extended opcodes are not enabled
Exiting application..
== uruchomienie aplikacji Jan 16 2022 22:54:05
OTClient 0.6.5 rev 0 (devel) built on Jun 24 2014 for arch x86
Zaladowano! :D
ERROR: Unable to send extended opcode 1, extended opcodes are not enabled
ERROR: Unable to send extended opcode 1, extended opcodes are not enabled
ERROR: Unable to send extended opcode 1, extended opcodes are not enabled
ERROR: Unable to send extended opcode 1, extended opcodes are not enabled
ERROR: Unable to send extended opcode 1, extended opcodes are not enabled
ERROR: Unable to send extended opcode 1, extended opcodes are not enabled
ERROR: Unable to send extended opcode 1, extended opcodes are not enabled
ERROR: Unable to send extended opcode 1, extended opcodes are not enabled
ERROR: Unable to send extended opcode 1, extended opcodes are not enabled
ERROR: Unable to send extended opcode 1, extended opcodes are not enabled
Exiting application..
== uruchomienie aplikacji Jan 16 2022 23:02:19
OTClient 0.6.5 rev 0 (devel) built on Jun 24 2014 for arch x86
Zaladowano! :D
ERROR: Unable to send extended opcode 1, extended opcodes are not enabled
ERROR: Unable to send extended opcode 1, extended opcodes are not enabled
ERROR: Unable to send extended opcode 1, extended opcodes are not enabled
ERROR: Unable to send extended opcode 1, extended opcodes are not enabled
ERROR: Unable to send extended opcode 1, extended opcodes are not enabled
Exiting application..
== uruchomienie aplikacji Jan 16 2022 23:08:00
OTClient 0.6.5 rev 0 (devel) built on Jun 24 2014 for arch x86
Zaladowano! :D
ERROR: Unable to send extended opcode 1, extended opcodes are not enabled
ERROR: Unable to send extended opcode 1, extended opcodes are not enabled
Exiting application..
== uruchomienie aplikacji Jan 16 2022 23:09:38
OTClient 0.6.5 rev 0 (devel) built on Jun 24 2014 for arch x86
Zaladowano! :D
ERROR: Unable to send extended opcode 1, extended opcodes are not enabled
ERROR: Unable to send extended opcode 1, extended opcodes are not enabled
ERROR: Unable to send extended opcode 1, extended opcodes are not enabled
Exiting application..
== uruchomienie aplikacji Jan 16 2022 23:09:56
OTClient 0.6.5 rev 0 (devel) built on Jun 24 2014 for arch x86
Zaladowano! :D
ERROR: Unable to send extended opcode 1, extended opcodes are not enabled
